{"/govuk/publisher/app/assets/javascripts.bak/vendor/mousetrap-global-bind.js":{"path":"/govuk/publisher/app/assets/javascripts.bak/vendor/mousetrap-global-bind.js","s":{"1":1,"2":1,"3":1,"4":0,"5":0,"6":0,"7":1,"8":33,"9":33,"10":33,"11":66,"12":33,"13":0,"14":1},"b":{"1":[0,0],"2":[0,0],"3":[33,0]},"f":{"1":1,"2":0,"3":33},"fnMap":{"1":{"name":"(anonymous_1)","line":12,"loc":{"start":{"line":12,"column":13},"end":{"line":12,"column":33}}},"2":{"name":"(anonymous_2)","line":16,"loc":{"start":{"line":16,"column":29},"end":{"line":16,"column":67}}},"3":{"name":"(anonymous_3)","line":24,"loc":{"start":{"line":24,"column":27},"end":{"line":24,"column":60}}}},"statementMap":{"1":{"start":{"line":12,"column":0},"end":{"line":38,"column":15}},"2":{"start":{"line":13,"column":4},"end":{"line":14,"column":55}},"3":{"start":{"line":16,"column":4},"end":{"line":22,"column":6}},"4":{"start":{"line":17,"column":8},"end":{"line":19,"column":9}},"5":{"start":{"line":18,"column":12},"end":{"line":18,"column":25}},"6":{"start":{"line":21,"column":8},"end":{"line":21,"column":56}},"7":{"start":{"line":24,"column":4},"end":{"line":35,"column":6}},"8":{"start":{"line":25,"column":8},"end":{"line":25,"column":47}},"9":{"start":{"line":27,"column":8},"end":{"line":32,"column":9}},"10":{"start":{"line":28,"column":12},"end":{"line":30,"column":13}},"11":{"start":{"line":29,"column":16},"end":{"line":29,"column":49}},"12":{"start":{"line":31,"column":12},"end":{"line":31,"column":19}},"13":{"start":{"line":34,"column":8},"end":{"line":34,"column":38}},"14":{"start":{"line":37,"column":4},"end":{"line":37,"column":21}}},"branchMap":{"1":{"line":17,"type":"if","locations":[{"start":{"line":17,"column":8},"end":{"line":17,"column":8}},{"start":{"line":17,"column":8},"end":{"line":17,"column":8}}]},"2":{"line":17,"type":"binary-expr","locations":[{"start":{"line":17,"column":12},"end":{"line":17,"column":35}},{"start":{"line":17,"column":39},"end":{"line":17,"column":65}}]},"3":{"line":27,"type":"if","locations":[{"start":{"line":27,"column":8},"end":{"line":27,"column":8}},{"start":{"line":27,"column":8},"end":{"line":27,"column":8}}]}}},"/govuk/publisher/app/assets/javascripts.bak/publications.js":{"path":"/govuk/publisher/app/assets/javascripts.bak/publications.js","s":{"1":1,"2":1,"3":1,"4":1,"5":1,"6":0,"7":1,"8":0,"9":0,"10":1,"11":0,"12":0,"13":1,"14":0,"15":0,"16":0},"b":{"1":[1,1],"2":[0,0],"3":[0,0]},"f":{"1":1,"2":0,"3":0,"4":0,"5":0},"fnMap":{"1":{"name":"(anonymous_1)","line":2,"loc":{"start":{"line":2,"column":2},"end":{"line":2,"column":14}}},"2":{"name":"(anonymous_2)","line":14,"loc":{"start":{"line":14,"column":22},"end":{"line":14,"column":34}}},"3":{"name":"(anonymous_3)","line":18,"loc":{"start":{"line":18,"column":22},"end":{"line":18,"column":33}}},"4":{"name":"(anonymous_4)","line":24,"loc":{"start":{"line":24,"column":33},"end":{"line":24,"column":44}}},"5":{"name":"(anonymous_5)","line":30,"loc":{"start":{"line":30,"column":61},"end":{"line":30,"column":73}}}},"statementMap":{"1":{"start":{"line":2,"column":0},"end":{"line":36,"column":3}},"2":{"start":{"line":9,"column":2},"end":{"line":9,"column":42}},"3":{"start":{"line":10,"column":2},"end":{"line":10,"column":43}},"4":{"start":{"line":12,"column":2},"end":{"line":12,"column":40}},"5":{"start":{"line":14,"column":2},"end":{"line":16,"column":5}},"6":{"start":{"line":15,"column":4},"end":{"line":15,"column":44}},"7":{"start":{"line":18,"column":2},"end":{"line":22,"column":5}},"8":{"start":{"line":19,"column":4},"end":{"line":19,"column":45}},"9":{"start":{"line":21,"column":4},"end":{"line":21,"column":46}},"10":{"start":{"line":24,"column":2},"end":{"line":28,"column":5}},"11":{"start":{"line":25,"column":4},"end":{"line":27,"column":5}},"12":{"start":{"line":26,"column":6},"end":{"line":26,"column":57}},"13":{"start":{"line":30,"column":2},"end":{"line":35,"column":5}},"14":{"start":{"line":31,"column":4},"end":{"line":34,"column":5}},"15":{"start":{"line":32,"column":6},"end":{"line":32,"column":69}},"16":{"start":{"line":33,"column":6},"end":{"line":33,"column":19}}},"branchMap":{"1":{"line":9,"type":"binary-expr","locations":[{"start":{"line":9,"column":20},"end":{"line":9,"column":35}},{"start":{"line":9,"column":39},"end":{"line":9,"column":41}}]},"2":{"line":25,"type":"if","locations":[{"start":{"line":25,"column":4},"end":{"line":25,"column":4}},{"start":{"line":25,"column":4},"end":{"line":25,"column":4}}]},"3":{"line":31,"type":"if","locations":[{"start":{"line":31,"column":4},"end":{"line":31,"column":4}},{"start":{"line":31,"column":4},"end":{"line":31,"column":4}}]}}},"/govuk/publisher/app/assets/javascripts.bak/smart-answers.js":{"path":"/govuk/publisher/app/assets/javascripts.bak/smart-answers.js","s":{"1":1,"2":1,"3":1,"4":1,"5":1,"6":0,"7":0,"8":0,"9":0,"10":0,"11":0,"12":0,"13":0,"14":0,"15":0,"16":0,"17":0,"18":0,"19":0,"20":0,"21":0,"22":0,"23":0,"24":0,"25":0,"26":0,"27":0,"28":0,"29":0,"30":0,"31":0,"32":0,"33":0,"34":0,"35":0,"36":0,"37":0,"38":0,"39":0,"40":0,"41":0,"42":0,"43":0,"44":0,"45":0,"46":0,"47":0,"48":0,"49":0,"50":1,"51":0,"52":1,"53":0,"54":0,"55":0,"56":0,"57":0,"58":0,"59":0,"60":0,"61":0,"62":0,"63":0,"64":0,"65":0,"66":0,"67":0,"68":0,"69":0,"70":0,"71":0,"72":0,"73":0,"74":0,"75":0,"76":0,"77":0,"78":0,"79":0,"80":0,"81":0,"82":0,"83":0,"84":0,"85":0,"86":0,"87":0,"88":0,"89":0,"90":0,"91":1},"b":{"1":[1,0],"2":[0,0],"3":[0,0],"4":[0,0],"5":[0,0],"6":[0,0],"7":[0,0],"8":[0,0],"9":[0,0]},"f":{"1":1,"2":0,"3":0,"4":0,"5":0,"6":0,"7":0,"8":0,"9":0,"10":0,"11":0,"12":0,"13":0,"14":0,"15":0,"16":0,"17":0,"18":0,"19":0,"20":0,"21":0,"22":0,"23":0,"24":0,"25":0},"fnMap":{"1":{"name":"(anonymous_1)","line":1,"loc":{"start":{"line":1,"column":1},"end":{"line":1,"column":12}}},"2":{"name":"(anonymous_2)","line":9,"loc":{"start":{"line":9,"column":10},"end":{"line":9,"column":21}}},"3":{"name":"(anonymous_3)","line":15,"loc":{"start":{"line":15,"column":22},"end":{"line":15,"column":33}}},"4":{"name":"(anonymous_4)","line":28,"loc":{"start":{"line":28,"column":17},"end":{"line":28,"column":28}}},"5":{"name":"(anonymous_5)","line":31,"loc":{"start":{"line":31,"column":16},"end":{"line":31,"column":27}}},"6":{"name":"(anonymous_6)","line":34,"loc":{"start":{"line":34,"column":23},"end":{"line":34,"column":34}}},"7":{"name":"(anonymous_7)","line":37,"loc":{"start":{"line":37,"column":22},"end":{"line":37,"column":33}}},"8":{"name":"(anonymous_8)","line":40,"loc":{"start":{"line":40,"column":26},"end":{"line":40,"column":37}}},"9":{"name":"(anonymous_9)","line":45,"loc":{"start":{"line":45,"column":14},"end":{"line":45,"column":26}}},"10":{"name":"(anonymous_10)","line":78,"loc":{"start":{"line":78,"column":23},"end":{"line":78,"column":35}}},"11":{"name":"(anonymous_11)","line":88,"loc":{"start":{"line":88,"column":22},"end":{"line":88,"column":34}}},"12":{"name":"nodeId","line":95,"loc":{"start":{"line":95,"column":6},"end":{"line":95,"column":35}}},"13":{"name":"nodeLabel","line":99,"loc":{"start":{"line":99,"column":6},"end":{"line":99,"column":38}}},"14":{"name":"(anonymous_14)","line":104,"loc":{"start":{"line":104,"column":17},"end":{"line":104,"column":32}}},"15":{"name":"(anonymous_15)","line":106,"loc":{"start":{"line":106,"column":90},"end":{"line":106,"column":100}}},"16":{"name":"(anonymous_16)","line":117,"loc":{"start":{"line":117,"column":16},"end":{"line":117,"column":28}}},"17":{"name":"(anonymous_17)","line":121,"loc":{"start":{"line":121,"column":28},"end":{"line":121,"column":39}}},"18":{"name":"(anonymous_18)","line":122,"loc":{"start":{"line":122,"column":58},"end":{"line":122,"column":75}}},"19":{"name":"(anonymous_19)","line":126,"loc":{"start":{"line":126,"column":24},"end":{"line":126,"column":39}}},"20":{"name":"(anonymous_20)","line":131,"loc":{"start":{"line":131,"column":47},"end":{"line":131,"column":58}}},"21":{"name":"(anonymous_21)","line":133,"loc":{"start":{"line":133,"column":30},"end":{"line":133,"column":45}}},"22":{"name":"(anonymous_22)","line":141,"loc":{"start":{"line":141,"column":33},"end":{"line":141,"column":52}}},"23":{"name":"(anonymous_23)","line":155,"loc":{"start":{"line":155,"column":20},"end":{"line":155,"column":35}}},"24":{"name":"(anonymous_24)","line":158,"loc":{"start":{"line":158,"column":31},"end":{"line":158,"column":58}}},"25":{"name":"(anonymous_25)","line":163,"loc":{"start":{"line":163,"column":20},"end":{"line":163,"column":31}}}},"statementMap":{"1":{"start":{"line":1,"column":0},"end":{"line":169,"column":14}},"2":{"start":{"line":4,"column":2},"end":{"line":5,"column":22}},"3":{"start":{"line":6,"column":2},"end":{"line":6,"column":68}},"4":{"start":{"line":6,"column":46},"end":{"line":6,"column":66}},"5":{"start":{"line":8,"column":2},"end":{"line":167,"column":3}},"6":{"start":{"line":10,"column":6},"end":{"line":10,"column":44}},"7":{"start":{"line":11,"column":6},"end":{"line":11,"column":50}},"8":{"start":{"line":12,"column":6},"end":{"line":12,"column":48}},"9":{"start":{"line":16,"column":6},"end":{"line":16,"column":83}},"10":{"start":{"line":17,"column":6},"end":{"line":17,"column":81}},"11":{"start":{"line":19,"column":6},"end":{"line":19,"column":100}},"12":{"start":{"line":20,"column":6},"end":{"line":20,"column":97}},"13":{"start":{"line":22,"column":6},"end":{"line":22,"column":77}},"14":{"start":{"line":23,"column":6},"end":{"line":23,"column":93}},"15":{"start":{"line":25,"column":6},"end":{"line":25,"column":81}},"16":{"start":{"line":29,"column":6},"end":{"line":29,"column":51}},"17":{"start":{"line":32,"column":6},"end":{"line":32,"column":50}},"18":{"start":{"line":35,"column":6},"end":{"line":35,"column":65}},"19":{"start":{"line":38,"column":6},"end":{"line":38,"column":64}},"20":{"start":{"line":41,"column":6},"end":{"line":43,"column":7}},"21":{"start":{"line":42,"column":8},"end":{"line":42,"column":55}},"22":{"start":{"line":46,"column":6},"end":{"line":46,"column":49}},"23":{"start":{"line":47,"column":6},"end":{"line":47,"column":55}},"24":{"start":{"line":49,"column":6},"end":{"line":49,"column":25}},"25":{"start":{"line":50,"column":6},"end":{"line":50,"column":45}},"26":{"start":{"line":52,"column":6},"end":{"line":52,"column":45}},"27":{"start":{"line":53,"column":6},"end":{"line":53,"column":60}},"28":{"start":{"line":55,"column":6},"end":{"line":55,"column":60}},"29":{"start":{"line":56,"column":6},"end":{"line":56,"column":58}},"30":{"start":{"line":58,"column":6},"end":{"line":58,"column":52}},"31":{"start":{"line":59,"column":6},"end":{"line":59,"column":50}},"32":{"start":{"line":61,"column":6},"end":{"line":91,"column":7}},"33":{"start":{"line":62,"column":8},"end":{"line":62,"column":39}},"34":{"start":{"line":64,"column":8},"end":{"line":64,"column":18}},"35":{"start":{"line":65,"column":8},"end":{"line":71,"column":9}},"36":{"start":{"line":66,"column":10},"end":{"line":66,"column":61}},"37":{"start":{"line":68,"column":10},"end":{"line":70,"column":11}},"38":{"start":{"line":69,"column":12},"end":{"line":69,"column":64}},"39":{"start":{"line":72,"column":8},"end":{"line":72,"column":59}},"40":{"start":{"line":75,"column":8},"end":{"line":75,"column":57}},"41":{"start":{"line":76,"column":8},"end":{"line":76,"column":87}},"42":{"start":{"line":78,"column":8},"end":{"line":80,"column":11}},"43":{"start":{"line":79,"column":10},"end":{"line":79,"column":54}},"44":{"start":{"line":82,"column":8},"end":{"line":86,"column":9}},"45":{"start":{"line":83,"column":10},"end":{"line":83,"column":60}},"46":{"start":{"line":85,"column":10},"end":{"line":85,"column":36}},"47":{"start":{"line":88,"column":8},"end":{"line":90,"column":11}},"48":{"start":{"line":89,"column":10},"end":{"line":89,"column":73}},"49":{"start":{"line":93,"column":6},"end":{"line":93,"column":50}},"50":{"start":{"line":95,"column":6},"end":{"line":97,"column":7}},"51":{"start":{"line":96,"column":8},"end":{"line":96,"column":34}},"52":{"start":{"line":99,"column":6},"end":{"line":102,"column":7}},"53":{"start":{"line":100,"column":8},"end":{"line":100,"column":75}},"54":{"start":{"line":101,"column":8},"end":{"line":101,"column":45}},"55":{"start":{"line":105,"column":6},"end":{"line":105,"column":45}},"56":{"start":{"line":106,"column":6},"end":{"line":109,"column":15}},"57":{"start":{"line":107,"column":8},"end":{"line":107,"column":57}},"58":{"start":{"line":108,"column":8},"end":{"line":108,"column":31}},"59":{"start":{"line":110,"column":6},"end":{"line":115,"column":7}},"60":{"start":{"line":111,"column":8},"end":{"line":111,"column":17}},"61":{"start":{"line":113,"column":8},"end":{"line":113,"column":48}},"62":{"start":{"line":114,"column":8},"end":{"line":114,"column":23}},"63":{"start":{"line":118,"column":6},"end":{"line":118,"column":53}},"64":{"start":{"line":119,"column":6},"end":{"line":119,"column":50}},"65":{"start":{"line":122,"column":6},"end":{"line":124,"column":9}},"66":{"start":{"line":123,"column":8},"end":{"line":123,"column":57}},"67":{"start":{"line":127,"column":6},"end":{"line":127,"column":55}},"68":{"start":{"line":128,"column":6},"end":{"line":128,"column":58}},"69":{"start":{"line":130,"column":6},"end":{"line":130,"column":67}},"70":{"start":{"line":131,"column":6},"end":{"line":131,"column":76}},"71":{"start":{"line":131,"column":60},"end":{"line":131,"column":72}},"72":{"start":{"line":133,"column":6},"end":{"line":139,"column":9}},"73":{"start":{"line":134,"column":8},"end":{"line":134,"column":33}},"74":{"start":{"line":135,"column":8},"end":{"line":137,"column":9}},"75":{"start":{"line":136,"column":10},"end":{"line":136,"column":59}},"76":{"start":{"line":138,"column":8},"end":{"line":138,"column":137}},"77":{"start":{"line":141,"column":6},"end":{"line":153,"column":9}},"78":{"start":{"line":142,"column":8},"end":{"line":142,"column":65}},"79":{"start":{"line":143,"column":8},"end":{"line":143,"column":59}},"80":{"start":{"line":145,"column":8},"end":{"line":145,"column":42}},"81":{"start":{"line":147,"column":8},"end":{"line":152,"column":9}},"82":{"start":{"line":148,"column":10},"end":{"line":148,"column":37}},"83":{"start":{"line":150,"column":10},"end":{"line":150,"column":29}},"84":{"start":{"line":151,"column":10},"end":{"line":151,"column":29}},"85":{"start":{"line":156,"column":6},"end":{"line":156,"column":47}},"86":{"start":{"line":158,"column":6},"end":{"line":161,"column":9}},"87":{"start":{"line":159,"column":8},"end":{"line":159,"column":32}},"88":{"start":{"line":160,"column":8},"end":{"line":160,"column":168}},"89":{"start":{"line":164,"column":6},"end":{"line":164,"column":35}},"90":{"start":{"line":165,"column":6},"end":{"line":165,"column":69}},"91":{"start":{"line":168,"column":2},"end":{"line":168,"column":57}}},"branchMap":{"1":{"line":6,"type":"if","locations":[{"start":{"line":6,"column":2},"end":{"line":6,"column":2}},{"start":{"line":6,"column":2},"end":{"line":6,"column":2}}]},"2":{"line":41,"type":"if","locations":[{"start":{"line":41,"column":6},"end":{"line":41,"column":6}},{"start":{"line":41,"column":6},"end":{"line":41,"column":6}}]},"3":{"line":61,"type":"if","locations":[{"start":{"line":61,"column":6},"end":{"line":61,"column":6}},{"start":{"line":61,"column":6},"end":{"line":61,"column":6}}]},"4":{"line":65,"type":"if","locations":[{"start":{"line":65,"column":8},"end":{"line":65,"column":8}},{"start":{"line":65,"column":8},"end":{"line":65,"column":8}}]},"5":{"line":68,"type":"if","locations":[{"start":{"line":68,"column":10},"end":{"line":68,"column":10}},{"start":{"line":68,"column":10},"end":{"line":68,"column":10}}]},"6":{"line":82,"type":"if","locations":[{"start":{"line":82,"column":8},"end":{"line":82,"column":8}},{"start":{"line":82,"column":8},"end":{"line":82,"column":8}}]},"7":{"line":110,"type":"if","locations":[{"start":{"line":110,"column":6},"end":{"line":110,"column":6}},{"start":{"line":110,"column":6},"end":{"line":110,"column":6}}]},"8":{"line":135,"type":"if","locations":[{"start":{"line":135,"column":8},"end":{"line":135,"column":8}},{"start":{"line":135,"column":8},"end":{"line":135,"column":8}}]},"9":{"line":147,"type":"if","locations":[{"start":{"line":147,"column":8},"end":{"line":147,"column":8}},{"start":{"line":147,"column":8},"end":{"line":147,"column":8}}]}}},"/govuk/publisher/app/assets/javascripts.bak/modules/ajax_save.js":{"path":"/govuk/publisher/app/assets/javascripts.bak/modules/ajax_save.js","s":{"1":1,"2":1,"3":33,"4":33,"5":33,"6":33,"7":33,"8":1,"9":8,"10":6,"11":1,"12":31,"13":31,"14":3,"15":0,"16":3,"17":28,"18":28,"19":25,"20":22,"21":25,"22":1,"23":25,"24":25,"25":17,"26":1,"27":28,"28":28,"29":54,"30":54,"31":27,"32":1,"33":27,"34":2,"35":28,"36":1,"37":5,"38":5,"39":5,"40":5,"41":5,"42":5,"43":5,"44":1,"45":12,"46":12,"47":10,"48":10,"49":10,"50":1,"51":2,"52":12,"53":12,"54":12,"55":12,"56":12,"57":1,"58":10,"59":9,"60":9,"61":9,"62":11,"63":9,"64":1,"65":10,"66":10,"67":1,"68":33,"69":33,"70":1,"71":28,"72":28,"73":28,"74":1,"75":17,"76":1,"77":28,"78":28,"79":28,"80":28},"b":{"1":[33,0],"2":[6,2],"3":[3,28],"4":[0,3],"5":[25,3],"6":[22,3],"7":[27,27],"8":[1,26],"9":[2,25],"10":[27,2],"11":[10,2],"12":[1,9],"13":[28,24]},"f":{"1":1,"2":33,"3":33,"4":8,"5":31,"6":25,"7":17,"8":28,"9":54,"10":5,"11":12,"12":10,"13":9,"14":10,"15":33,"16":28,"17":17,"18":28,"19":28},"fnMap":{"1":{"name":"(anonymous_1)","line":1,"loc":{"start":{"line":1,"column":1},"end":{"line":1,"column":19}}},"2":{"name":"(anonymous_2)","line":3,"loc":{"start":{"line":3,"column":21},"end":{"line":3,"column":32}}},"3":{"name":"(anonymous_3)","line":4,"loc":{"start":{"line":4,"column":17},"end":{"line":4,"column":35}}},"4":{"name":"saveViaKeyboard","line":14,"loc":{"start":{"line":14,"column":6},"end":{"line":14,"column":36}}},"5":{"name":"save","line":20,"loc":{"start":{"line":20,"column":6},"end":{"line":20,"column":25}}},"6":{"name":"postForm","line":43,"loc":{"start":{"line":43,"column":6},"end":{"line":43,"column":26}}},"7":{"name":"(anonymous_7)","line":52,"loc":{"start":{"line":52,"column":20},"end":{"line":52,"column":31}}},"8":{"name":"allFieldsCanBeSavedWithAjax","line":58,"loc":{"start":{"line":58,"column":6},"end":{"line":58,"column":45}}},"9":{"name":"(anonymous_9)","line":60,"loc":{"start":{"line":60,"column":61},"end":{"line":60,"column":72}}},"10":{"name":"success","line":78,"loc":{"start":{"line":78,"column":6},"end":{"line":78,"column":33}}},"11":{"name":"error","line":91,"loc":{"start":{"line":91,"column":6},"end":{"line":91,"column":56}}},"12":{"name":"showErrors","line":116,"loc":{"start":{"line":116,"column":6},"end":{"line":116,"column":34}}},"13":{"name":"(anonymous_13)","line":117,"loc":{"start":{"line":117,"column":23},"end":{"line":117,"column":57}}},"14":{"name":"trackErrors","line":130,"loc":{"start":{"line":130,"column":6},"end":{"line":130,"column":34}}},"15":{"name":"hideErrors","line":136,"loc":{"start":{"line":136,"column":6},"end":{"line":136,"column":28}}},"16":{"name":"saving","line":141,"loc":{"start":{"line":141,"column":6},"end":{"line":141,"column":24}}},"17":{"name":"hide","line":147,"loc":{"start":{"line":147,"column":6},"end":{"line":147,"column":22}}},"18":{"name":"reset","line":151,"loc":{"start":{"line":151,"column":6},"end":{"line":151,"column":23}}},"19":{"name":"(anonymous_19)","line":154,"loc":{"start":{"line":154,"column":28},"end":{"line":154,"column":50}}}},"statementMap":{"1":{"start":{"line":1,"column":0},"end":{"line":160,"column":30}},"2":{"start":{"line":3,"column":2},"end":{"line":159,"column":4}},"3":{"start":{"line":4,"column":4},"end":{"line":158,"column":5}},"4":{"start":{"line":5,"column":6},"end":{"line":8,"column":22}},"5":{"start":{"line":10,"column":6},"end":{"line":10,"column":46}},"6":{"start":{"line":11,"column":6},"end":{"line":11,"column":44}},"7":{"start":{"line":12,"column":6},"end":{"line":12,"column":69}},"8":{"start":{"line":14,"column":6},"end":{"line":18,"column":7}},"9":{"start":{"line":15,"column":8},"end":{"line":17,"column":9}},"10":{"start":{"line":16,"column":10},"end":{"line":16,"column":20}},"11":{"start":{"line":20,"column":6},"end":{"line":41,"column":7}},"12":{"start":{"line":21,"column":8},"end":{"line":21,"column":73}},"13":{"start":{"line":23,"column":8},"end":{"line":28,"column":9}},"14":{"start":{"line":24,"column":10},"end":{"line":26,"column":11}},"15":{"start":{"line":25,"column":12},"end":{"line":25,"column":33}},"16":{"start":{"line":27,"column":10},"end":{"line":27,"column":17}},"17":{"start":{"line":30,"column":8},"end":{"line":30,"column":17}},"18":{"start":{"line":32,"column":8},"end":{"line":37,"column":9}},"19":{"start":{"line":33,"column":10},"end":{"line":35,"column":11}},"20":{"start":{"line":34,"column":12},"end":{"line":34,"column":33}},"21":{"start":{"line":36,"column":10},"end":{"line":36,"column":21}},"22":{"start":{"line":43,"column":6},"end":{"line":56,"column":7}},"23":{"start":{"line":44,"column":8},"end":{"line":44,"column":30}},"24":{"start":{"line":46,"column":8},"end":{"line":55,"column":11}},"25":{"start":{"line":53,"column":12},"end":{"line":53,"column":35}},"26":{"start":{"line":58,"column":6},"end":{"line":76,"column":7}},"27":{"start":{"line":59,"column":8},"end":{"line":59,"column":22}},"28":{"start":{"line":60,"column":8},"end":{"line":73,"column":11}},"29":{"start":{"line":61,"column":10},"end":{"line":62,"column":35}},"30":{"start":{"line":64,"column":10},"end":{"line":72,"column":11}},"31":{"start":{"line":65,"column":12},"end":{"line":67,"column":13}},"32":{"start":{"line":66,"column":14},"end":{"line":66,"column":25}},"33":{"start":{"line":69,"column":12},"end":{"line":71,"column":13}},"34":{"start":{"line":70,"column":14},"end":{"line":70,"column":25}},"35":{"start":{"line":75,"column":8},"end":{"line":75,"column":18}},"36":{"start":{"line":78,"column":6},"end":{"line":89,"column":7}},"37":{"start":{"line":79,"column":8},"end":{"line":79,"column":21}},"38":{"start":{"line":80,"column":8},"end":{"line":80,"column":90}},"39":{"start":{"line":81,"column":8},"end":{"line":81,"column":30}},"40":{"start":{"line":82,"column":8},"end":{"line":82,"column":45}},"41":{"start":{"line":85,"column":8},"end":{"line":85,"column":49}},"42":{"start":{"line":86,"column":8},"end":{"line":86,"column":61}},"43":{"start":{"line":88,"column":8},"end":{"line":88,"column":60}},"44":{"start":{"line":91,"column":6},"end":{"line":114,"column":7}},"45":{"start":{"line":92,"column":8},"end":{"line":93,"column":61}},"46":{"start":{"line":95,"column":8},"end":{"line":104,"column":9}},"47":{"start":{"line":96,"column":10},"end":{"line":96,"column":35}},"48":{"start":{"line":97,"column":10},"end":{"line":97,"column":51}},"49":{"start":{"line":99,"column":10},"end":{"line":101,"column":11}},"50":{"start":{"line":100,"column":12},"end":{"line":100,"column":79}},"51":{"start":{"line":103,"column":10},"end":{"line":103,"column":105}},"52":{"start":{"line":106,"column":8},"end":{"line":106,"column":90}},"53":{"start":{"line":107,"column":8},"end":{"line":107,"column":72}},"54":{"start":{"line":108,"column":8},"end":{"line":108,"column":45}},"55":{"start":{"line":111,"column":8},"end":{"line":111,"column":48}},"56":{"start":{"line":113,"column":8},"end":{"line":113,"column":59}},"57":{"start":{"line":116,"column":6},"end":{"line":128,"column":7}},"58":{"start":{"line":117,"column":8},"end":{"line":127,"column":11}},"59":{"start":{"line":118,"column":10},"end":{"line":119,"column":65}},"60":{"start":{"line":121,"column":10},"end":{"line":121,"column":45}},"61":{"start":{"line":122,"column":10},"end":{"line":124,"column":11}},"62":{"start":{"line":123,"column":12},"end":{"line":123,"column":62}},"63":{"start":{"line":126,"column":10},"end":{"line":126,"column":37}},"64":{"start":{"line":130,"column":6},"end":{"line":134,"column":7}},"65":{"start":{"line":132,"column":8},"end":{"line":132,"column":69}},"66":{"start":{"line":133,"column":8},"end":{"line":133,"column":63}},"67":{"start":{"line":136,"column":6},"end":{"line":139,"column":7}},"68":{"start":{"line":137,"column":8},"end":{"line":137,"column":43}},"69":{"start":{"line":138,"column":8},"end":{"line":138,"column":60}},"70":{"start":{"line":141,"column":6},"end":{"line":145,"column":7}},"71":{"start":{"line":142,"column":8},"end":{"line":142,"column":16}},"72":{"start":{"line":143,"column":8},"end":{"line":143,"column":52}},"73":{"start":{"line":144,"column":8},"end":{"line":144,"column":32}},"74":{"start":{"line":147,"column":6},"end":{"line":149,"column":7}},"75":{"start":{"line":148,"column":8},"end":{"line":148,"column":50}},"76":{"start":{"line":151,"column":6},"end":{"line":157,"column":7}},"77":{"start":{"line":152,"column":8},"end":{"line":152,"column":21}},"78":{"start":{"line":153,"column":8},"end":{"line":153,"column":34}},"79":{"start":{"line":154,"column":8},"end":{"line":156,"column":11}},"80":{"start":{"line":155,"column":10},"end":{"line":155,"column":76}}},"branchMap":{"1":{"line":10,"type":"binary-expr","locations":[{"start":{"line":10,"column":24},"end":{"line":10,"column":39}},{"start":{"line":10,"column":43},"end":{"line":10,"column":45}}]},"2":{"line":15,"type":"if","locations":[{"start":{"line":15,"column":8},"end":{"line":15,"column":8}},{"start":{"line":15,"column":8},"end":{"line":15,"column":8}}]},"3":{"line":23,"type":"if","locations":[{"start":{"line":23,"column":8},"end":{"line":23,"column":8}},{"start":{"line":23,"column":8},"end":{"line":23,"column":8}}]},"4":{"line":24,"type":"if","locations":[{"start":{"line":24,"column":10},"end":{"line":24,"column":10}},{"start":{"line":24,"column":10},"end":{"line":24,"column":10}}]},"5":{"line":32,"type":"if","locations":[{"start":{"line":32,"column":8},"end":{"line":32,"column":8}},{"start":{"line":32,"column":8},"end":{"line":32,"column":8}}]},"6":{"line":33,"type":"if","locations":[{"start":{"line":33,"column":10},"end":{"line":33,"column":10}},{"start":{"line":33,"column":10},"end":{"line":33,"column":10}}]},"7":{"line":64,"type":"if","locations":[{"start":{"line":64,"column":10},"end":{"line":64,"column":10}},{"start":{"line":64,"column":10},"end":{"line":64,"column":10}}]},"8":{"line":65,"type":"if","locations":[{"start":{"line":65,"column":12},"end":{"line":65,"column":12}},{"start":{"line":65,"column":12},"end":{"line":65,"column":12}}]},"9":{"line":69,"type":"if","locations":[{"start":{"line":69,"column":12},"end":{"line":69,"column":12}},{"start":{"line":69,"column":12},"end":{"line":69,"column":12}}]},"10":{"line":69,"type":"binary-expr","locations":[{"start":{"line":69,"column":16},"end":{"line":69,"column":21}},{"start":{"line":69,"column":25},"end":{"line":69,"column":41}}]},"11":{"line":95,"type":"if","locations":[{"start":{"line":95,"column":8},"end":{"line":95,"column":8}},{"start":{"line":95,"column":8},"end":{"line":95,"column":8}}]},"12":{"line":99,"type":"if","locations":[{"start":{"line":99,"column":10},"end":{"line":99,"column":10}},{"start":{"line":99,"column":10},"end":{"line":99,"column":10}}]},"13":{"line":155,"type":"binary-expr","locations":[{"start":{"line":155,"column":18},"end":{"line":155,"column":58}},{"start":{"line":155,"column":62},"end":{"line":155,"column":64}}]}}},"/govuk/publisher/app/assets/javascripts.bak/modules/ajax_save_with_parts.js":{"path":"/govuk/publisher/app/assets/javascripts.bak/modules/ajax_save_with_parts.js","s":{"1":1,"2":1,"3":8,"4":8,"5":8,"6":8,"7":8,"8":1,"9":6,"10":6,"11":6,"12":15,"13":6,"14":1,"15":1,"16":1,"17":1,"18":1,"19":6,"20":6,"21":1,"22":3,"23":3,"24":3,"25":3,"26":3,"27":3,"28":4,"29":3,"30":1,"31":15,"32":15,"33":15,"34":15,"35":15,"36":15,"37":3,"38":1,"39":18,"40":18,"41":14,"42":4,"43":16,"44":4,"45":1,"46":3,"47":3,"48":3,"49":3,"50":3},"b":{"1":[6,0],"2":[6,0],"3":[1,1,0],"4":[1,0],"5":[3,12],"6":[14,4]},"f":{"1":1,"2":8,"3":8,"4":6,"5":1,"6":6,"7":3,"8":3,"9":15,"10":18,"11":16,"12":3},"fnMap":{"1":{"name":"(anonymous_1)","line":1,"loc":{"start":{"line":1,"column":1},"end":{"line":1,"column":19}}},"2":{"name":"(anonymous_2)","line":3,"loc":{"start":{"line":3,"column":30},"end":{"line":3,"column":41}}},"3":{"name":"(anonymous_3)","line":4,"loc":{"start":{"line":4,"column":17},"end":{"line":4,"column":35}}},"4":{"name":"success","line":11,"loc":{"start":{"line":11,"column":6},"end":{"line":11,"column":38}}},"5":{"name":"error","line":21,"loc":{"start":{"line":21,"column":6},"end":{"line":21,"column":36}}},"6":{"name":"removeDeletedParts","line":30,"loc":{"start":{"line":30,"column":6},"end":{"line":30,"column":36}}},"7":{"name":"showPartErrors","line":35,"loc":{"start":{"line":35,"column":6},"end":{"line":35,"column":51}}},"8":{"name":"(anonymous_8)","line":42,"loc":{"start":{"line":42,"column":27},"end":{"line":42,"column":56}}},"9":{"name":"updatePart","line":54,"loc":{"start":{"line":54,"column":6},"end":{"line":54,"column":32}}},"10":{"name":"identifyPartContainer","line":68,"loc":{"start":{"line":68,"column":6},"end":{"line":68,"column":48}}},"11":{"name":"(anonymous_11)","line":75,"loc":{"start":{"line":75,"column":54},"end":{"line":75,"column":65}}},"12":{"name":"generateHiddenIdInput","line":86,"loc":{"start":{"line":86,"column":6},"end":{"line":86,"column":57}}}},"statementMap":{"1":{"start":{"line":1,"column":0},"end":{"line":106,"column":30}},"2":{"start":{"line":3,"column":2},"end":{"line":105,"column":4}},"3":{"start":{"line":4,"column":4},"end":{"line":104,"column":5}},"4":{"start":{"line":5,"column":6},"end":{"line":5,"column":55}},"5":{"start":{"line":7,"column":6},"end":{"line":7,"column":52}},"6":{"start":{"line":8,"column":6},"end":{"line":8,"column":49}},"7":{"start":{"line":9,"column":6},"end":{"line":9,"column":30}},"8":{"start":{"line":11,"column":6},"end":{"line":19,"column":7}},"9":{"start":{"line":12,"column":8},"end":{"line":12,"column":56}},"10":{"start":{"line":13,"column":8},"end":{"line":17,"column":9}},"11":{"start":{"line":14,"column":10},"end":{"line":16,"column":11}},"12":{"start":{"line":15,"column":12},"end":{"line":15,"column":33}},"13":{"start":{"line":18,"column":8},"end":{"line":18,"column":29}},"14":{"start":{"line":21,"column":6},"end":{"line":28,"column":7}},"15":{"start":{"line":22,"column":8},"end":{"line":23,"column":107}},"16":{"start":{"line":25,"column":8},"end":{"line":27,"column":9}},"17":{"start":{"line":26,"column":10},"end":{"line":26,"column":48}},"18":{"start":{"line":30,"column":6},"end":{"line":33,"column":7}},"19":{"start":{"line":31,"column":8},"end":{"line":31,"column":60}},"20":{"start":{"line":32,"column":8},"end":{"line":32,"column":49}},"21":{"start":{"line":35,"column":6},"end":{"line":52,"column":7}},"22":{"start":{"line":36,"column":8},"end":{"line":39,"column":62}},"23":{"start":{"line":41,"column":8},"end":{"line":41,"column":58}},"24":{"start":{"line":42,"column":8},"end":{"line":51,"column":11}},"25":{"start":{"line":43,"column":10},"end":{"line":44,"column":65}},"26":{"start":{"line":46,"column":10},"end":{"line":46,"column":46}},"27":{"start":{"line":47,"column":10},"end":{"line":49,"column":11}},"28":{"start":{"line":48,"column":12},"end":{"line":48,"column":57}},"29":{"start":{"line":50,"column":10},"end":{"line":50,"column":38}},"30":{"start":{"line":54,"column":6},"end":{"line":66,"column":7}},"31":{"start":{"line":55,"column":8},"end":{"line":55,"column":35}},"32":{"start":{"line":56,"column":8},"end":{"line":57,"column":78}},"33":{"start":{"line":59,"column":8},"end":{"line":59,"column":63}},"34":{"start":{"line":60,"column":8},"end":{"line":60,"column":76}},"35":{"start":{"line":61,"column":8},"end":{"line":61,"column":77}},"36":{"start":{"line":63,"column":8},"end":{"line":65,"column":9}},"37":{"start":{"line":64,"column":10},"end":{"line":64,"column":56}},"38":{"start":{"line":68,"column":6},"end":{"line":81,"column":7}},"39":{"start":{"line":69,"column":8},"end":{"line":70,"column":19}},"40":{"start":{"line":72,"column":8},"end":{"line":80,"column":9}},"41":{"start":{"line":73,"column":10},"end":{"line":73,"column":51}},"42":{"start":{"line":75,"column":10},"end":{"line":77,"column":13}},"43":{"start":{"line":76,"column":12},"end":{"line":76,"column":39}},"44":{"start":{"line":79,"column":10},"end":{"line":79,"column":43}},"45":{"start":{"line":86,"column":6},"end":{"line":102,"column":7}},"46":{"start":{"line":87,"column":8},"end":{"line":90,"column":67}},"47":{"start":{"line":92,"column":8},"end":{"line":92,"column":41}},"48":{"start":{"line":93,"column":8},"end":{"line":93,"column":52}},"49":{"start":{"line":94,"column":8},"end":{"line":94,"column":57}},"50":{"start":{"line":101,"column":8},"end":{"line":101,"column":46}}},"branchMap":{"1":{"line":12,"type":"binary-expr","locations":[{"start":{"line":12,"column":20},"end":{"line":12,"column":34}},{"start":{"line":12,"column":38},"end":{"line":12,"column":55}}]},"2":{"line":13,"type":"if","locations":[{"start":{"line":13,"column":8},"end":{"line":13,"column":8}},{"start":{"line":13,"column":8},"end":{"line":13,"column":8}}]},"3":{"line":23,"type":"binary-expr","locations":[{"start":{"line":23,"column":25},"end":{"line":23,"column":57}},{"start":{"line":23,"column":62},"end":{"line":23,"column":80}},{"start":{"line":23,"column":84},"end":{"line":23,"column":105}}]},"4":{"line":25,"type":"if","locations":[{"start":{"line":25,"column":8},"end":{"line":25,"column":8}},{"start":{"line":25,"column":8},"end":{"line":25,"column":8}}]},"5":{"line":63,"type":"if","locations":[{"start":{"line":63,"column":8},"end":{"line":63,"column":8}},{"start":{"line":63,"column":8},"end":{"line":63,"column":8}}]},"6":{"line":72,"type":"if","locations":[{"start":{"line":72,"column":8},"end":{"line":72,"column":8}},{"start":{"line":72,"column":8},"end":{"line":72,"column":8}}]}}},"/govuk/publisher/app/assets/javascripts.bak/modules/assignee_select.js":{"path":"/govuk/publisher/app/assets/javascripts.bak/modules/assignee_select.js","s":{"1":1,"2":1,"3":0,"4":0},"b":{},"f":{"1":1,"2":0,"3":0},"fnMap":{"1":{"name":"(anonymous_1)","line":1,"loc":{"start":{"line":1,"column":1},"end":{"line":1,"column":19}}},"2":{"name":"(anonymous_2)","line":3,"loc":{"start":{"line":3,"column":27},"end":{"line":3,"column":38}}},"3":{"name":"(anonymous_3)","line":4,"loc":{"start":{"line":4,"column":17},"end":{"line":4,"column":35}}}},"statementMap":{"1":{"start":{"line":1,"column":0},"end":{"line":8,"column":30}},"2":{"start":{"line":3,"column":2},"end":{"line":7,"column":4}},"3":{"start":{"line":4,"column":4},"end":{"line":6,"column":5}},"4":{"start":{"line":5,"column":6},"end":{"line":5,"column":69}}},"branchMap":{}},"/govuk/publisher/app/assets/javascripts.bak/modules/check_all_boxes.js":{"path":"/govuk/publisher/app/assets/javascripts.bak/modules/check_all_boxes.js","s":{"1":1,"2":1,"3":2,"4":2,"5":2,"6":1,"7":2,"8":2,"9":8},"b":{},"f":{"1":1,"2":2,"3":2,"4":2,"5":8},"fnMap":{"1":{"name":"(anonymous_1)","line":1,"loc":{"start":{"line":1,"column":1},"end":{"line":1,"column":19}}},"2":{"name":"(anonymous_2)","line":6,"loc":{"start":{"line":6,"column":26},"end":{"line":6,"column":37}}},"3":{"name":"(anonymous_3)","line":9,"loc":{"start":{"line":9,"column":17},"end":{"line":9,"column":35}}},"4":{"name":"toggleAllCheckboxes","line":12,"loc":{"start":{"line":12,"column":6},"end":{"line":12,"column":42}}},"5":{"name":"(anonymous_5)","line":14,"loc":{"start":{"line":14,"column":47},"end":{"line":14,"column":58}}}},"statementMap":{"1":{"start":{"line":1,"column":0},"end":{"line":22,"column":30}},"2":{"start":{"line":6,"column":2},"end":{"line":20,"column":4}},"3":{"start":{"line":7,"column":4},"end":{"line":7,"column":20}},"4":{"start":{"line":9,"column":4},"end":{"line":19,"column":5}},"5":{"start":{"line":10,"column":6},"end":{"line":10,"column":64}},"6":{"start":{"line":12,"column":6},"end":{"line":17,"column":7}},"7":{"start":{"line":13,"column":8},"end":{"line":13,"column":38}},"8":{"start":{"line":14,"column":8},"end":{"line":16,"column":11}},"9":{"start":{"line":15,"column":10},"end":{"line":15,"column":58}}},"branchMap":{}},"/govuk/publisher/app/assets/javascripts.bak/modules/collapsible_group.js":{"path":"/govuk/publisher/app/assets/javascripts.bak/modules/collapsible_group.js","s":{"1":1,"2":1,"3":10,"4":10,"5":10,"6":10,"7":10,"8":10,"9":1,"10":5,"11":5,"12":5,"13":1,"14":24,"15":1,"16":19},"b":{"1":[3,2],"2":[6,13]},"f":{"1":1,"2":10,"3":10,"4":5,"5":24,"6":19},"fnMap":{"1":{"name":"(anonymous_1)","line":1,"loc":{"start":{"line":1,"column":1},"end":{"line":1,"column":19}}},"2":{"name":"(anonymous_2)","line":9,"loc":{"start":{"line":9,"column":29},"end":{"line":9,"column":40}}},"3":{"name":"(anonymous_3)","line":12,"loc":{"start":{"line":12,"column":17},"end":{"line":12,"column":35}}},"4":{"name":"toggleAll","line":22,"loc":{"start":{"line":22,"column":6},"end":{"line":22,"column":32}}},"5":{"name":"hasOpenItems","line":29,"loc":{"start":{"line":29,"column":6},"end":{"line":29,"column":30}}},"6":{"name":"updateLinkText","line":33,"loc":{"start":{"line":33,"column":6},"end":{"line":33,"column":32}}}},"statementMap":{"1":{"start":{"line":1,"column":0},"end":{"line":40,"column":30}},"2":{"start":{"line":9,"column":2},"end":{"line":38,"column":4}},"3":{"start":{"line":10,"column":4},"end":{"line":10,"column":20}},"4":{"start":{"line":12,"column":4},"end":{"line":37,"column":5}},"5":{"start":{"line":14,"column":6},"end":{"line":16,"column":50}},"6":{"start":{"line":18,"column":6},"end":{"line":18,"column":55}},"7":{"start":{"line":19,"column":6},"end":{"line":19,"column":111}},"8":{"start":{"line":20,"column":6},"end":{"line":20,"column":23}},"9":{"start":{"line":22,"column":6},"end":{"line":27,"column":7}},"10":{"start":{"line":23,"column":8},"end":{"line":23,"column":54}},"11":{"start":{"line":25,"column":8},"end":{"line":25,"column":51}},"12":{"start":{"line":26,"column":8},"end":{"line":26,"column":31}},"13":{"start":{"line":29,"column":6},"end":{"line":31,"column":7}},"14":{"start":{"line":30,"column":8},"end":{"line":30,"column":63}},"15":{"start":{"line":33,"column":6},"end":{"line":35,"column":7}},"16":{"start":{"line":34,"column":8},"end":{"line":34,"column":64}}},"branchMap":{"1":{"line":23,"type":"cond-expr","locations":[{"start":{"line":23,"column":38},"end":{"line":23,"column":44}},{"start":{"line":23,"column":47},"end":{"line":23,"column":53}}]},"2":{"line":34,"type":"cond-expr","locations":[{"start":{"line":34,"column":37},"end":{"line":34,"column":49}},{"start":{"line":34,"column":52},"end":{"line":34,"column":62}}]}}},"/govuk/publisher/app/assets/javascripts.bak/modules/downtime_message.js":{"path":"/govuk/publisher/app/assets/javascripts.bak/modules/downtime_message.js","s":{"1":1,"2":1,"3":14,"4":14,"5":14,"6":14,"7":1,"8":25,"9":1,"10":39,"11":39,"12":9,"13":9,"14":9,"15":30,"16":16,"17":30,"18":1,"19":9,"20":9,"21":1,"22":78,"23":78,"24":390,"25":390,"26":78,"27":78,"28":78,"29":78,"30":78,"31":78,"32":78,"33":78,"34":78,"35":78,"36":78,"37":78,"38":1,"39":9,"40":9,"41":0,"42":9,"43":7,"44":2,"45":9,"46":1,"47":9,"48":9,"49":1,"50":9,"51":1,"52":18,"53":18,"54":1,"55":27,"56":1,"57":48,"58":1,"59":30,"60":30,"61":30,"62":1,"63":9,"64":9},"b":{"1":[9,30],"2":[9,0],"3":[16,14],"4":[78,78,78,78,78],"5":[0,9],"6":[7,2]},"f":{"1":1,"2":14,"3":14,"4":25,"5":39,"6":9,"7":78,"8":390,"9":9,"10":9,"11":9,"12":18,"13":27,"14":48,"15":30,"16":9},"fnMap":{"1":{"name":"(anonymous_1)","line":1,"loc":{"start":{"line":1,"column":1},"end":{"line":1,"column":19}}},"2":{"name":"(anonymous_2)","line":3,"loc":{"start":{"line":3,"column":28},"end":{"line":3,"column":39}}},"3":{"name":"(anonymous_3)","line":4,"loc":{"start":{"line":4,"column":17},"end":{"line":4,"column":35}}},"4":{"name":"updateFormAndMessages","line":15,"loc":{"start":{"line":15,"column":6},"end":{"line":15,"column":39}}},"5":{"name":"updateForm","line":19,"loc":{"start":{"line":19,"column":6},"end":{"line":19,"column":39}}},"6":{"name":"updateMessages","line":36,"loc":{"start":{"line":36,"column":6},"end":{"line":36,"column":51}}},"7":{"name":"getDateFromFields","line":41,"loc":{"start":{"line":41,"column":6},"end":{"line":41,"column":41}}},"8":{"name":"(anonymous_8)","line":49,"loc":{"start":{"line":49,"column":20},"end":{"line":49,"column":32}}},"9":{"name":"downtimeMessage","line":75,"loc":{"start":{"line":75,"column":6},"end":{"line":75,"column":52}}},"10":{"name":"scheduleMessage","line":97,"loc":{"start":{"line":97,"column":6},"end":{"line":97,"column":42}}},"11":{"name":"isSameDay","line":106,"loc":{"start":{"line":106,"column":6},"end":{"line":106,"column":46}}},"12":{"name":"getTime","line":113,"loc":{"start":{"line":113,"column":6},"end":{"line":113,"column":31}}},"13":{"name":"getDay","line":118,"loc":{"start":{"line":118,"column":6},"end":{"line":118,"column":30}}},"14":{"name":"isValidSchedule","line":122,"loc":{"start":{"line":122,"column":6},"end":{"line":122,"column":52}}},"15":{"name":"disableForm","line":126,"loc":{"start":{"line":126,"column":6},"end":{"line":126,"column":29}}},"16":{"name":"enableForm","line":132,"loc":{"start":{"line":132,"column":6},"end":{"line":132,"column":28}}}},"statementMap":{"1":{"start":{"line":1,"column":0},"end":{"line":139,"column":30}},"2":{"start":{"line":3,"column":2},"end":{"line":138,"column":4}},"3":{"start":{"line":4,"column":4},"end":{"line":137,"column":5}},"4":{"start":{"line":6,"column":6},"end":{"line":10,"column":56}},"5":{"start":{"line":12,"column":6},"end":{"line":12,"column":60}},"6":{"start":{"line":13,"column":6},"end":{"line":13,"column":19}},"7":{"start":{"line":15,"column":6},"end":{"line":17,"column":7}},"8":{"start":{"line":16,"column":8},"end":{"line":16,"column":25}},"9":{"start":{"line":19,"column":6},"end":{"line":34,"column":7}},"10":{"start":{"line":20,"column":8},"end":{"line":21,"column":58}},"11":{"start":{"line":23,"column":8},"end":{"line":33,"column":9}},"12":{"start":{"line":24,"column":10},"end":{"line":24,"column":23}},"13":{"start":{"line":25,"column":10},"end":{"line":27,"column":11}},"14":{"start":{"line":26,"column":12},"end":{"line":26,"column":48}},"15":{"start":{"line":29,"column":10},"end":{"line":31,"column":11}},"16":{"start":{"line":30,"column":12},"end":{"line":30,"column":37}},"17":{"start":{"line":32,"column":10},"end":{"line":32,"column":24}},"18":{"start":{"line":36,"column":6},"end":{"line":39,"column":7}},"19":{"start":{"line":37,"column":8},"end":{"line":37,"column":67}},"20":{"start":{"line":38,"column":8},"end":{"line":38,"column":58}},"21":{"start":{"line":41,"column":6},"end":{"line":73,"column":7}},"22":{"start":{"line":42,"column":8},"end":{"line":47,"column":17}},"23":{"start":{"line":49,"column":8},"end":{"line":69,"column":11}},"24":{"start":{"line":50,"column":10},"end":{"line":50,"column":50}},"25":{"start":{"line":52,"column":10},"end":{"line":68,"column":13}},"26":{"start":{"line":54,"column":14},"end":{"line":54,"column":27}},"27":{"start":{"line":55,"column":14},"end":{"line":55,"column":20}},"28":{"start":{"line":57,"column":14},"end":{"line":57,"column":32}},"29":{"start":{"line":58,"column":14},"end":{"line":58,"column":20}},"30":{"start":{"line":60,"column":14},"end":{"line":60,"column":26}},"31":{"start":{"line":61,"column":14},"end":{"line":61,"column":20}},"32":{"start":{"line":63,"column":14},"end":{"line":63,"column":30}},"33":{"start":{"line":64,"column":14},"end":{"line":64,"column":20}},"34":{"start":{"line":66,"column":14},"end":{"line":66,"column":28}},"35":{"start":{"line":67,"column":14},"end":{"line":67,"column":20}},"36":{"start":{"line":71,"column":8},"end":{"line":71,"column":58}},"37":{"start":{"line":72,"column":8},"end":{"line":72,"column":28}},"38":{"start":{"line":75,"column":6},"end":{"line":95,"column":7}},"39":{"start":{"line":76,"column":8},"end":{"line":81,"column":53}},"40":{"start":{"line":83,"column":8},"end":{"line":85,"column":9}},"41":{"start":{"line":84,"column":10},"end":{"line":84,"column":20}},"42":{"start":{"line":87,"column":8},"end":{"line":92,"column":9}},"43":{"start":{"line":88,"column":10},"end":{"line":88,"column":86}},"44":{"start":{"line":90,"column":10},"end":{"line":91,"column":57}},"45":{"start":{"line":94,"column":8},"end":{"line":94,"column":23}},"46":{"start":{"line":97,"column":6},"end":{"line":104,"column":7}},"47":{"start":{"line":98,"column":8},"end":{"line":101,"column":48}},"48":{"start":{"line":103,"column":8},"end":{"line":103,"column":90}},"49":{"start":{"line":106,"column":6},"end":{"line":111,"column":7}},"50":{"start":{"line":110,"column":8},"end":{"line":110,"column":79}},"51":{"start":{"line":113,"column":6},"end":{"line":116,"column":7}},"52":{"start":{"line":114,"column":8},"end":{"line":114,"column":42}},"53":{"start":{"line":115,"column":8},"end":{"line":115,"column":93}},"54":{"start":{"line":118,"column":6},"end":{"line":120,"column":7}},"55":{"start":{"line":119,"column":8},"end":{"line":119,"column":44}},"56":{"start":{"line":122,"column":6},"end":{"line":124,"column":7}},"57":{"start":{"line":123,"column":8},"end":{"line":123,"column":43}},"58":{"start":{"line":126,"column":6},"end":{"line":130,"column":7}},"59":{"start":{"line":127,"column":8},"end":{"line":127,"column":44}},"60":{"start":{"line":128,"column":8},"end":{"line":128,"column":53}},"61":{"start":{"line":129,"column":8},"end":{"line":129,"column":66}},"62":{"start":{"line":132,"column":6},"end":{"line":135,"column":7}},"63":{"start":{"line":133,"column":8},"end":{"line":133,"column":39}},"64":{"start":{"line":134,"column":8},"end":{"line":134,"column":48}}},"branchMap":{"1":{"line":23,"type":"if","locations":[{"start":{"line":23,"column":8},"end":{"line":23,"column":8}},{"start":{"line":23,"column":8},"end":{"line":23,"column":8}}]},"2":{"line":25,"type":"if","locations":[{"start":{"line":25,"column":10},"end":{"line":25,"column":10}},{"start":{"line":25,"column":10},"end":{"line":25,"column":10}}]},"3":{"line":29,"type":"if","locations":[{"start":{"line":29,"column":10},"end":{"line":29,"column":10}},{"start":{"line":29,"column":10},"end":{"line":29,"column":10}}]},"4":{"line":52,"type":"switch","locations":[{"start":{"line":53,"column":12},"end":{"line":55,"column":20}},{"start":{"line":56,"column":12},"end":{"line":58,"column":20}},{"start":{"line":59,"column":12},"end":{"line":61,"column":20}},{"start":{"line":62,"column":12},"end":{"line":64,"column":20}},{"start":{"line":65,"column":12},"end":{"line":67,"column":20}}]},"5":{"line":83,"type":"if","locations":[{"start":{"line":83,"column":8},"end":{"line":83,"column":8}},{"start":{"line":83,"column":8},"end":{"line":83,"column":8}}]},"6":{"line":87,"type":"if","locations":[{"start":{"line":87,"column":8},"end":{"line":87,"column":8}},{"start":{"line":87,"column":8},"end":{"line":87,"column":8}}]}}},"/govuk/publisher/app/assets/javascripts.bak/modules/parts.js":{"path":"/govuk/publisher/app/assets/javascripts.bak/modules/parts.js","s":{"1":1,"2":1,"3":9,"4":9,"5":9,"6":9,"7":9,"8":1,"9":5,"10":5,"11":4,"12":4,"13":4,"14":4,"15":4,"16":1,"17":9,"18":3,"19":3,"20":9,"21":1,"22":6,"23":22,"24":1,"25":3,"26":3,"27":3},"b":{"1":[4,1],"2":[5,3]},"f":{"1":1,"2":9,"3":9,"4":5,"5":4,"6":9,"7":3,"8":6,"9":22,"10":3},"fnMap":{"1":{"name":"(anonymous_1)","line":1,"loc":{"start":{"line":1,"column":1},"end":{"line":1,"column":19}}},"2":{"name":"(anonymous_2)","line":3,"loc":{"start":{"line":3,"column":18},"end":{"line":3,"column":29}}},"3":{"name":"(anonymous_3)","line":4,"loc":{"start":{"line":4,"column":17},"end":{"line":4,"column":35}}},"4":{"name":"generateSlug","line":12,"loc":{"start":{"line":12,"column":6},"end":{"line":12,"column":30}}},"5":{"name":"(anonymous_5)","line":22,"loc":{"start":{"line":22,"column":21},"end":{"line":22,"column":32}}},"6":{"name":"makePartsSortable","line":28,"loc":{"start":{"line":28,"column":6},"end":{"line":28,"column":35}}},"7":{"name":"(anonymous_7)","line":33,"loc":{"start":{"line":33,"column":20},"end":{"line":33,"column":40}}},"8":{"name":"updatePartOrders","line":42,"loc":{"start":{"line":42,"column":6},"end":{"line":42,"column":34}}},"9":{"name":"(anonymous_9)","line":43,"loc":{"start":{"line":43,"column":35},"end":{"line":43,"column":54}}},"10":{"name":"removeValidationMessages","line":48,"loc":{"start":{"line":48,"column":6},"end":{"line":48,"column":45}}}},"statementMap":{"1":{"start":{"line":1,"column":0},"end":{"line":56,"column":30}},"2":{"start":{"line":3,"column":2},"end":{"line":55,"column":4}},"3":{"start":{"line":4,"column":4},"end":{"line":54,"column":5}},"4":{"start":{"line":6,"column":6},"end":{"line":6,"column":56}},"5":{"start":{"line":7,"column":6},"end":{"line":7,"column":62}},"6":{"start":{"line":8,"column":6},"end":{"line":8,"column":70}},"7":{"start":{"line":10,"column":6},"end":{"line":10,"column":26}},"8":{"start":{"line":12,"column":6},"end":{"line":26,"column":7}},"9":{"start":{"line":13,"column":8},"end":{"line":15,"column":69}},"10":{"start":{"line":17,"column":8},"end":{"line":25,"column":9}},"11":{"start":{"line":18,"column":10},"end":{"line":18,"column":59}},"12":{"start":{"line":19,"column":10},"end":{"line":19,"column":63}},"13":{"start":{"line":20,"column":10},"end":{"line":20,"column":45}},"14":{"start":{"line":22,"column":10},"end":{"line":24,"column":18}},"15":{"start":{"line":23,"column":12},"end":{"line":23,"column":50}},"16":{"start":{"line":28,"column":6},"end":{"line":40,"column":7}},"17":{"start":{"line":29,"column":8},"end":{"line":37,"column":14}},"18":{"start":{"line":34,"column":16},"end":{"line":34,"column":35}},"19":{"start":{"line":35,"column":16},"end":{"line":35,"column":72}},"20":{"start":{"line":39,"column":8},"end":{"line":39,"column":42}},"21":{"start":{"line":42,"column":6},"end":{"line":46,"column":7}},"22":{"start":{"line":43,"column":8},"end":{"line":45,"column":11}},"23":{"start":{"line":44,"column":10},"end":{"line":44,"column":49}},"24":{"start":{"line":48,"column":6},"end":{"line":53,"column":7}},"25":{"start":{"line":49,"column":8},"end":{"line":49,"column":34}},"26":{"start":{"line":51,"column":8},"end":{"line":51,"column":72}},"27":{"start":{"line":52,"column":8},"end":{"line":52,"column":41}}},"branchMap":{"1":{"line":17,"type":"if","locations":[{"start":{"line":17,"column":8},"end":{"line":17,"column":8}},{"start":{"line":17,"column":8},"end":{"line":17,"column":8}}]},"2":{"line":17,"type":"binary-expr","locations":[{"start":{"line":17,"column":12},"end":{"line":17,"column":35}},{"start":{"line":17,"column":39},"end":{"line":17,"column":81}}]}}},"/govuk/publisher/app/assets/javascripts.bak/modules/related_content_items_select.js":{"path":"/govuk/publisher/app/assets/javascripts.bak/modules/related_content_items_select.js","s":{"1":1,"2":1,"3":0,"4":0,"5":0,"6":0,"7":0,"8":0,"9":0,"10":0,"11":0,"12":0,"13":0,"14":0,"15":0,"16":0,"17":0,"18":0,"19":0,"20":0,"21":0,"22":0,"23":0,"24":0,"25":0,"26":0,"27":0,"28":0,"29":0,"30":0,"31":0,"32":0,"33":0,"34":0,"35":0,"36":0,"37":0,"38":0,"39":0,"40":0,"41":0,"42":0,"43":0,"44":0,"45":0,"46":0,"47":0,"48":0,"49":0,"50":0,"51":0,"52":0,"53":0,"54":0,"55":0,"56":0},"b":{"1":[0,0],"2":[0,0],"3":[0,0]},"f":{"1":1,"2":0,"3":0,"4":0,"5":0,"6":0,"7":0,"8":0,"9":0,"10":0,"11":0,"12":0},"fnMap":{"1":{"name":"(anonymous_1)","line":1,"loc":{"start":{"line":1,"column":1},"end":{"line":1,"column":19}}},"2":{"name":"(anonymous_2)","line":3,"loc":{"start":{"line":3,"column":38},"end":{"line":3,"column":49}}},"3":{"name":"(anonymous_3)","line":4,"loc":{"start":{"line":4,"column":17},"end":{"line":4,"column":35}}},"4":{"name":"(anonymous_4)","line":18,"loc":{"start":{"line":18,"column":36},"end":{"line":18,"column":47}}},"5":{"name":"(anonymous_5)","line":22,"loc":{"start":{"line":22,"column":28},"end":{"line":22,"column":40}}},"6":{"name":"(anonymous_6)","line":30,"loc":{"start":{"line":30,"column":32},"end":{"line":30,"column":43}}},"7":{"name":"(anonymous_7)","line":36,"loc":{"start":{"line":36,"column":30},"end":{"line":36,"column":42}}},"8":{"name":"(anonymous_8)","line":44,"loc":{"start":{"line":44,"column":28},"end":{"line":44,"column":40}}},"9":{"name":"(anonymous_9)","line":57,"loc":{"start":{"line":57,"column":28},"end":{"line":57,"column":43}}},"10":{"name":"(anonymous_10)","line":77,"loc":{"start":{"line":77,"column":25},"end":{"line":77,"column":40}}},"11":{"name":"(anonymous_11)","line":79,"loc":{"start":{"line":79,"column":14},"end":{"line":79,"column":34}}},"12":{"name":"(anonymous_12)","line":84,"loc":{"start":{"line":84,"column":16},"end":{"line":84,"column":32}}}},"statementMap":{"1":{"start":{"line":1,"column":0},"end":{"line":90,"column":30}},"2":{"start":{"line":3,"column":2},"end":{"line":89,"column":4}},"3":{"start":{"line":4,"column":4},"end":{"line":16,"column":5}},"4":{"start":{"line":5,"column":6},"end":{"line":5,"column":61}},"5":{"start":{"line":7,"column":6},"end":{"line":7,"column":47}},"6":{"start":{"line":8,"column":6},"end":{"line":8,"column":42}},"7":{"start":{"line":9,"column":6},"end":{"line":9,"column":59}},"8":{"start":{"line":10,"column":6},"end":{"line":10,"column":96}},"9":{"start":{"line":11,"column":6},"end":{"line":11,"column":54}},"10":{"start":{"line":13,"column":6},"end":{"line":13,"column":40}},"11":{"start":{"line":15,"column":6},"end":{"line":15,"column":45}},"12":{"start":{"line":18,"column":4},"end":{"line":28,"column":5}},"13":{"start":{"line":19,"column":6},"end":{"line":19,"column":63}},"14":{"start":{"line":20,"column":6},"end":{"line":20,"column":89}},"15":{"start":{"line":22,"column":6},"end":{"line":24,"column":9}},"16":{"start":{"line":23,"column":8},"end":{"line":23,"column":39}},"17":{"start":{"line":26,"column":6},"end":{"line":26,"column":39}},"18":{"start":{"line":27,"column":6},"end":{"line":27,"column":28}},"19":{"start":{"line":30,"column":4},"end":{"line":55,"column":5}},"20":{"start":{"line":31,"column":6},"end":{"line":31,"column":57}},"21":{"start":{"line":32,"column":6},"end":{"line":32,"column":107}},"22":{"start":{"line":33,"column":6},"end":{"line":33,"column":70}},"23":{"start":{"line":34,"column":6},"end":{"line":34,"column":98}},"24":{"start":{"line":36,"column":6},"end":{"line":42,"column":9}},"25":{"start":{"line":37,"column":8},"end":{"line":41,"column":9}},"26":{"start":{"line":38,"column":10},"end":{"line":38,"column":29}},"27":{"start":{"line":39,"column":10},"end":{"line":39,"column":45}},"28":{"start":{"line":39,"column":38},"end":{"line":39,"column":45}},"29":{"start":{"line":40,"column":10},"end":{"line":40,"column":37}},"30":{"start":{"line":44,"column":6},"end":{"line":48,"column":9}},"31":{"start":{"line":45,"column":8},"end":{"line":45,"column":56}},"32":{"start":{"line":46,"column":8},"end":{"line":46,"column":43}},"33":{"start":{"line":46,"column":36},"end":{"line":46,"column":43}},"34":{"start":{"line":47,"column":8},"end":{"line":47,"column":35}},"35":{"start":{"line":50,"column":6},"end":{"line":50,"column":37}},"36":{"start":{"line":51,"column":6},"end":{"line":51,"column":39}},"37":{"start":{"line":52,"column":6},"end":{"line":52,"column":43}},"38":{"start":{"line":54,"column":6},"end":{"line":54,"column":27}},"39":{"start":{"line":57,"column":4},"end":{"line":75,"column":5}},"40":{"start":{"line":58,"column":6},"end":{"line":58,"column":39}},"41":{"start":{"line":59,"column":6},"end":{"line":59,"column":63}},"42":{"start":{"line":60,"column":6},"end":{"line":60,"column":66}},"43":{"start":{"line":61,"column":6},"end":{"line":67,"column":9}},"44":{"start":{"line":69,"column":6},"end":{"line":69,"column":40}},"45":{"start":{"line":70,"column":6},"end":{"line":70,"column":36}},"46":{"start":{"line":71,"column":6},"end":{"line":71,"column":37}},"47":{"start":{"line":72,"column":6},"end":{"line":72,"column":56}},"48":{"start":{"line":74,"column":6},"end":{"line":74,"column":25}},"49":{"start":{"line":77,"column":4},"end":{"line":88,"column":5}},"50":{"start":{"line":78,"column":6},"end":{"line":87,"column":11}},"51":{"start":{"line":80,"column":10},"end":{"line":80,"column":61}},"52":{"start":{"line":81,"column":10},"end":{"line":81,"column":50}},"53":{"start":{"line":82,"column":10},"end":{"line":82,"column":68}},"54":{"start":{"line":83,"column":10},"end":{"line":83,"column":43}},"55":{"start":{"line":85,"column":10},"end":{"line":85,"column":54}},"56":{"start":{"line":86,"column":10},"end":{"line":86,"column":58}}},"branchMap":{"1":{"line":37,"type":"if","locations":[{"start":{"line":37,"column":8},"end":{"line":37,"column":8}},{"start":{"line":37,"column":8},"end":{"line":37,"column":8}}]},"2":{"line":39,"type":"if","locations":[{"start":{"line":39,"column":10},"end":{"line":39,"column":10}},{"start":{"line":39,"column":10},"end":{"line":39,"column":10}}]},"3":{"line":46,"type":"if","locations":[{"start":{"line":46,"column":8},"end":{"line":46,"column":8}},{"start":{"line":46,"column":8},"end":{"line":46,"column":8}}]}}},"/govuk/publisher/app/assets/javascripts.bak/modules/tab_switcher.js":{"path":"/govuk/publisher/app/assets/javascripts.bak/modules/tab_switcher.js","s":{"1":1,"2":1,"3":0,"4":0,"5":0,"6":0,"7":0,"8":0,"9":0,"10":1,"11":0,"12":0},"b":{"1":[0,0],"2":[0,0]},"f":{"1":1,"2":0,"3":0,"4":0,"5":0,"6":0},"fnMap":{"1":{"name":"(anonymous_1)","line":1,"loc":{"start":{"line":1,"column":1},"end":{"line":1,"column":19}}},"2":{"name":"(anonymous_2)","line":3,"loc":{"start":{"line":3,"column":24},"end":{"line":3,"column":35}}},"3":{"name":"(anonymous_3)","line":4,"loc":{"start":{"line":4,"column":17},"end":{"line":4,"column":35}}},"4":{"name":"(anonymous_4)","line":5,"loc":{"start":{"line":5,"column":32},"end":{"line":5,"column":44}}},"5":{"name":"resetAllTabs","line":25,"loc":{"start":{"line":25,"column":6},"end":{"line":25,"column":30}}},"6":{"name":"(anonymous_6)","line":26,"loc":{"start":{"line":26,"column":39},"end":{"line":26,"column":50}}}},"statementMap":{"1":{"start":{"line":1,"column":0},"end":{"line":33,"column":30}},"2":{"start":{"line":3,"column":2},"end":{"line":32,"column":4}},"3":{"start":{"line":4,"column":4},"end":{"line":31,"column":5}},"4":{"start":{"line":5,"column":6},"end":{"line":23,"column":9}},"5":{"start":{"line":6,"column":8},"end":{"line":6,"column":47}},"6":{"start":{"line":8,"column":8},"end":{"line":13,"column":9}},"7":{"start":{"line":9,"column":10},"end":{"line":9,"column":59}},"8":{"start":{"line":12,"column":10},"end":{"line":12,"column":51}},"9":{"start":{"line":22,"column":8},"end":{"line":22,"column":23}},"10":{"start":{"line":25,"column":6},"end":{"line":29,"column":7}},"11":{"start":{"line":26,"column":8},"end":{"line":28,"column":11}},"12":{"start":{"line":27,"column":10},"end":{"line":27,"column":40}}},"branchMap":{"1":{"line":8,"type":"if","locations":[{"start":{"line":8,"column":8},"end":{"line":8,"column":8}},{"start":{"line":8,"column":8},"end":{"line":8,"column":8}}]},"2":{"line":8,"type":"binary-expr","locations":[{"start":{"line":8,"column":12},"end":{"line":8,"column":26}},{"start":{"line":8,"column":30},"end":{"line":8,"column":57}}]}}},"/govuk/publisher/app/assets/javascripts.bak/modules/tagging.js":{"path":"/govuk/publisher/app/assets/javascripts.bak/modules/tagging.js","s":{"1":1,"2":1,"3":0,"4":0,"5":0,"6":0,"7":0,"8":0,"9":0,"10":0,"11":0,"12":0,"13":0,"14":0,"15":0,"16":0,"17":0},"b":{"1":[0,0],"2":[0,0],"3":[0,0],"4":[0,0],"5":[0,0],"6":[0,0],"7":[0,0]},"f":{"1":1,"2":0,"3":0,"4":0},"fnMap":{"1":{"name":"(anonymous_1)","line":1,"loc":{"start":{"line":1,"column":1},"end":{"line":1,"column":19}}},"2":{"name":"(anonymous_2)","line":3,"loc":{"start":{"line":3,"column":20},"end":{"line":3,"column":31}}},"3":{"name":"(anonymous_3)","line":5,"loc":{"start":{"line":5,"column":17},"end":{"line":5,"column":35}}},"4":{"name":"(anonymous_4)","line":10,"loc":{"start":{"line":10,"column":27},"end":{"line":10,"column":38}}}},"statementMap":{"1":{"start":{"line":1,"column":0},"end":{"line":31,"column":30}},"2":{"start":{"line":3,"column":2},"end":{"line":30,"column":4}},"3":{"start":{"line":4,"column":4},"end":{"line":4,"column":20}},"4":{"start":{"line":5,"column":4},"end":{"line":29,"column":5}},"5":{"start":{"line":6,"column":6},"end":{"line":6,"column":72}},"6":{"start":{"line":7,"column":6},"end":{"line":7,"column":83}},"7":{"start":{"line":8,"column":6},"end":{"line":8,"column":67}},"8":{"start":{"line":10,"column":6},"end":{"line":28,"column":8}},"9":{"start":{"line":11,"column":8},"end":{"line":11,"column":39}},"10":{"start":{"line":13,"column":8},"end":{"line":13,"column":51}},"11":{"start":{"line":14,"column":8},"end":{"line":14,"column":63}},"12":{"start":{"line":16,"column":8},"end":{"line":26,"column":9}},"13":{"start":{"line":17,"column":10},"end":{"line":22,"column":11}},"14":{"start":{"line":18,"column":12},"end":{"line":18,"column":58}},"15":{"start":{"line":21,"column":12},"end":{"line":21,"column":55}},"16":{"start":{"line":24,"column":13},"end":{"line":26,"column":9}},"17":{"start":{"line":25,"column":10},"end":{"line":25,"column":56}}},"branchMap":{"1":{"line":13,"type":"binary-expr","locations":[{"start":{"line":13,"column":26},"end":{"line":13,"column":44}},{"start":{"line":13,"column":48},"end":{"line":13,"column":50}}]},"2":{"line":14,"type":"binary-expr","locations":[{"start":{"line":14,"column":32},"end":{"line":14,"column":56}},{"start":{"line":14,"column":60},"end":{"line":14,"column":62}}]},"3":{"line":16,"type":"if","locations":[{"start":{"line":16,"column":8},"end":{"line":16,"column":8}},{"start":{"line":16,"column":8},"end":{"line":16,"column":8}}]},"4":{"line":17,"type":"if","locations":[{"start":{"line":17,"column":10},"end":{"line":17,"column":10}},{"start":{"line":17,"column":10},"end":{"line":17,"column":10}}]},"5":{"line":17,"type":"binary-expr","locations":[{"start":{"line":17,"column":14},"end":{"line":17,"column":37}},{"start":{"line":17,"column":42},"end":{"line":17,"column":86}}]},"6":{"line":24,"type":"if","locations":[{"start":{"line":24,"column":13},"end":{"line":24,"column":13}},{"start":{"line":24,"column":13},"end":{"line":24,"column":13}}]},"7":{"line":24,"type":"binary-expr","locations":[{"start":{"line":24,"column":17},"end":{"line":24,"column":62}},{"start":{"line":24,"column":66},"end":{"line":24,"column":107}}]}}}}
